<?xml version="1.0" encoding="UTF-8"?>
<!-- Generated by org.testng.reporters.JUnitReportReporter -->
<testsuite hostname="LP-TZD-0X94870" failures="0" tests="1" name="stepDefinitions.Demo" time="0.007" errors="0" timestamp="2024-10-21T04:15:08 IST" skipped="0">
  <testcase classname="stepDefinitions.Demo" name="test1" time="0.007"/>
</testsuite> <!-- stepDefinitions.Demo -->
